#
# A fatal error has been detected by the Java Runtime Environment:
#
#  EXCEPTION_ACCESS_VIOLATION (0xc0000005) at pc=0x0000000055f7bdcb, pid=130928, tid=0x000000000002c94c
#
# JRE version: Java(TM) SE Runtime Environment (8.0_321-b07) (build 1.8.0_321-b07)
# Java VM: Java HotSpot(TM) 64-Bit Server VM (25.321-b07 mixed mode windows-amd64 compressed oops)
# Problematic frame:
# V  [jvm.dll+0x20bdcb]
#
# Failed to write core dump. Minidumps are not enabled by default on client versions of Windows
#
# If you would like to submit a bug report, please visit:
#   http://bugreport.java.com/bugreport/crash.jsp
#

---------------  T H R E A D  ---------------

Current thread (0x0000022d47b2c800):  JavaThread "JMF thread: TimedStartThread ( startThread: com.sun.media.PlaybackEngine@10619b3e )" [_thread_in_vm, id=182604, stack(0x000000b4c6500000,0x000000b4c6600000)]

siginfo: ExceptionCode=0xc0000005, writing address 0x000000b4c65fb870

Registers:
RAX=0x0000000000000005, RBX=0x0000000000000005, RCX=0x000000b4c65fb870, RDX=0x0000000000004000
RSP=0x000000b4c65ff870, RBP=0x000000b4c65ff970, RSI=0x0000000000000005, RDI=0x0000022d483efd10
R8 =0x0000000000000005, R9 =0x0000000000000006, R10=0x0000022d4794d260, R11=0x0000022d483efd10
R12=0x0000022d4758c550, R13=0x000000b4c65ffc40, R14=0x000000b4c65ffb70, R15=0x000000b4c65ff870
RIP=0x0000000055f7bdcb, EFLAGS=0x0000000000010206

Top of Stack: (sp=0x000000b4c65ff870)
0x000000b4c65ff870:   0000022d47b2c800 0000000000000001
0x000000b4c65ff880:   0000022d483efd10 0000000055e379ca
0x000000b4c65ff890:   0000022d483efd10 0000022d47b2c800
0x000000b4c65ff8a0:   0000000000000000 0000000000000000
0x000000b4c65ff8b0:   0000000a00006c00 0000022d483efd10
0x000000b4c65ff8c0:   0000022d47b2c800 0000022d2fb84a20
0x000000b4c65ff8d0:   0000000000000001 0000000000000000
0x000000b4c65ff8e0:   0000022d483efd10 0000000000000001
0x000000b4c65ff8f0:   0000000000000005 0000022d47b2c800
0x000000b4c65ff900:   0000022d483efd10 0000022d47b2c800
0x000000b4c65ff910:   0000022d4374e380 0000022d47b2c800
0x000000b4c65ff920:   0000022d47b2c800 0000022d47b2c800
0x000000b4c65ff930:   0000000000000005 0000022d4374e380
0x000000b4c65ff940:   0000000100006c48 0000000055e3cc57
0x000000b4c65ff950:   0000022d4758c550 000000b4c65ff9b1
0x000000b4c65ff960:   0000022d483efd10 0000000000000000 

Instructions: (pc=0x0000000055f7bdcb)
0x0000000055f7bdab:   f8 7c 33 48 8b de e8 aa 9f 08 00 48 63 d0 ff c6
0x0000000055f7bdbb:   48 0f af d3 49 8b cf 48 63 c6 48 2b ca 48 ff c3
0x0000000055f7bdcb:   c7 01 00 00 00 00 48 3b 05 e8 07 56 00 7e d7 48
0x0000000055f7bddb:   8b 9d e8 00 00 00 48 8d 54 24 48 48 8d 4d 50 e8 


Register to memory mapping:

RAX=0x0000000000000005 is an unknown value
RBX=0x0000000000000005 is an unknown value
RCX=0x000000b4c65fb870 is pointing into the stack for thread: 0x0000022d47b2c800
RDX=0x0000000000004000 is an unknown value
RSP=0x000000b4c65ff870 is pointing into the stack for thread: 0x0000022d47b2c800
RBP=0x000000b4c65ff970 is pointing into the stack for thread: 0x0000022d47b2c800
RSI=0x0000000000000005 is an unknown value
RDI={method} {0x0000022d483efd18} 'run' '()V' in 'com/sun/media/TimedActionThread'
R8 =0x0000000000000005 is an unknown value
R9 =0x0000000000000006 is an unknown value
R10=0x0000022d4794d260 is an unknown value
R11={method} {0x0000022d483efd18} 'run' '()V' in 'com/sun/media/TimedActionThread'
R12=0x0000022d4758c550 is an unknown value
R13=0x000000b4c65ffc40 is pointing into the stack for thread: 0x0000022d47b2c800
R14=0x000000b4c65ffb70 is pointing into the stack for thread: 0x0000022d47b2c800
R15=0x000000b4c65ff870 is pointing into the stack for thread: 0x0000022d47b2c800


Stack: [0x000000b4c6500000,0x000000b4c6600000],  sp=0x000000b4c65ff870,  free space=1022k
