#
# There is insufficient memory for the Java Runtime Environment to continue.
# Native memory allocation (malloc) failed to allocate 32744 bytes for ChunkPool::allocate
# Possible reasons:
#   The system is out of physical RAM or swap space
#   The process is running with CompressedOops enabled, and the Java Heap may be blocking the growth of the native heap
# Possible solutions:
#   Reduce memory load on the system
#   Increase physical memory or swap space
#   Check if swap backing store is full
#   Decrease Java heap size (-Xmx/-Xms)
#   Decrease number of Java threads
#   Decrease Java thread stack sizes (-Xss)
#   Set larger code cache with -XX:ReservedCodeCacheSize=
#   JVM is running with Unscaled Compressed Oops mode in which the Java heap is
#     placed in the first 4GB address space. The Java Heap base address is the
#     maximum limit for the native heap growth. Please use -XX:HeapBaseMinAddress
#     to set the Java Heap base and to place the Java Heap above 4GB virtual address.
# This output file may be truncated or incomplete.
#
#  Out of Memory Error (allocation.cpp:272), pid=149828, tid=0x000000000002abd4
#
# JRE version: Java(TM) SE Runtime Environment (8.0_321-b07) (build 1.8.0_321-b07)
# Java VM: Java HotSpot(TM) 64-Bit Server VM (25.321-b07 mixed mode windows-amd64 compressed oops)
# Failed to write core dump. Minidumps are not enabled by default on client versions of Windows
#

---------------  T H R E A D  ---------------

Current thread (0x00000275ccb6c000):  JavaThread "C1 CompilerThread8" daemon [_thread_in_native, id=175060, stack(0x0000009b3f100000,0x0000009b3f200000)]

Stack: [0x0000009b3f100000,0x0000009b3f200000]
Native frames: (J=compiled Java code, j=interpreted, Vv=VM code, C=native code)
V  [jvm.dll+0x32fc49]
V  [jvm.dll+0x2761a2]
V  [jvm.dll+0x276e4d]
V  [jvm.dll+0x26d7f5]
V  [jvm.dll+0xd5ead]
V  [jvm.dll+0xd620c]
V  [jvm.dll+0xb3872]
V  [jvm.dll+0xb3b55]
V  [jvm.dll+0x41876]
V  [jvm.dll+0x41603f]
V  [jvm.dll+0x40c404]
V  [jvm.dll+0x40951e]
V  [jvm.dll+0x3f5dd0]
V  [jvm.dll+0x3e1d53]
V  [jvm.dll+0x3e164d]
V  [jvm.dll+0x3e182e]
V  [jvm.dll+0x3e0f81]
V  [jvm.dll+0x3e29bf]
V  [jvm.dll+0xac68b]
V  [jvm.dll+0xaaceb]
V  [jvm.dll+0x23e6f2]
V  [jvm.dll+0x292edc]
C  [ucrtbase.dll+0x29363]
C  [KERNEL32.DLL+0x126ad]
C  [ntdll.dll+0x5a9f8]


Current CompileTask:
C1:  24272  903       3       javax.swing.plaf.nimbus.NimbusStyle::validate (1178 bytes)


---------------  P R O C E S S  ---------------

Java Threads: ( => current thread )
  0x00000275cd1d3800 JavaThread "JMF thread: com.sun.media.PlaybackEngine@fb92582 ( prefetchThread)" [_thread_in_native, id=143448, stack(0x0000009b40200000,0x0000009b40300000)]
  0x00000275cd1d2800 JavaThread "JMF thread: com.sun.media.content.unknown.Handler@64502036 ( prefetchThread)" [_thread_blocked, id=151220, stack(0x0000009b40100000,0x0000009b40200000)]
  0x00000275cd1d2000 JavaThread "JMF thread (PlayThread)" [_thread_blocked, id=169324, stack(0x0000009b3ff00000,0x0000009b40000000)]
  0x00000275cd1cf800 JavaThread "Loop thread" [_thread_blocked, id=180756, stack(0x0000009b40000000,0x0000009b40100000)]
  0x00000275cd186000 JavaThread "JMF thread: SendEventQueue: com.sun.media.PlaybackEngine" [_thread_blocked, id=181664, stack(0x0000009b3fe00000,0x0000009b3ff00000)]
  0x00000275cd0c8800 JavaThread "JMF thread: SendEventQueue: com.sun.media.content.unknown.Handler" [_thread_blocked, id=181584, stack(0x0000009b3fd00000,0x0000009b3fe00000)]
  0x00000275cd432800 JavaThread "Thread-2" [_thread_blocked, id=134492, stack(0x0000009b3fc00000,0x0000009b3fd00000)]
  0x00000275cd424000 JavaThread "Image Animator 3" daemon [_thread_blocked, id=167032, stack(0x0000009b3fb00000,0x0000009b3fc00000)]
  0x00000275b3c5c000 JavaThread "DestroyJavaVM" [_thread_blocked, id=146928, stack(0x0000009b3d600000,0x0000009b3d700000)]
  0x00000275cd3ad000 JavaThread "AWT-EventQueue-0" [_thread_in_native, id=171160, stack(0x0000009b3fa00000,0x0000009b3fb00000)]
  0x00000275cd382000 JavaThread "AWT-Windows" daemon [_thread_in_native, id=176224, stack(0x0000009b3f900000,0x0000009b3fa00000)]
  0x00000275cd37c800 JavaThread "AWT-Shutdown" [_thread_blocked, id=141484, stack(0x0000009b3f800000,0x0000009b3f900000)]
  0x00000275cd378000 JavaThread "Java2D Disposer" daemon [_thread_blocked, id=155332, stack(0x0000009b3f700000,0x0000009b3f800000)]
  0x00000275ccbd6000 JavaThread "Service Thread" daemon [_thread_blocked, id=164800, stack(0x0000009b3f500000,0x0000009b3f600000)]
  0x00000275ccb88800 JavaThread "C1 CompilerThread11" daemon [_thread_blocked, id=175072, stack(0x0000009b3f400000,0x0000009b3f500000)]
  0x00000275ccb77800 JavaThread "C1 CompilerThread10" daemon [_thread_blocked, id=175068, stack(0x0000009b3f300000,0x0000009b3f400000)]
  0x00000275ccb6f000 JavaThread "C1 CompilerThread9" daemon [_thread_blocked, id=175064, stack(0x0000009b3f200000,0x0000009b3f300000)]
=>0x00000275ccb6c000 JavaThread "C1 CompilerThread8" daemon [_thread_in_native, id=175060, stack(0x0000009b3f100000,0x0000009b3f200000)]
  0x00000275ccb6b000 JavaThread "C2 CompilerThread7" daemon [_thread_blocked, id=135032, stack(0x0000009b3f000000,0x0000009b3f100000)]
  0x00000275ccb66800 JavaThread "C2 CompilerThread6" daemon [_thread_blocked, id=171100, stack(0x0000009b3ef00000,0x0000009b3f000000)]
  0x00000275ccb64800 JavaThread "C2 CompilerThread5" daemon [_thread_blocked, id=145284, stack(0x0000009b3ee00000,0x0000009b3ef00000)]
  0x00000275ccb62000 JavaThread "C2 CompilerThread4" daemon [_thread_blocked, id=132848, stack(0x0000009b3ed00000,0x0000009b3ee00000)]
  0x00000275ccb5f000 JavaThread "C2 CompilerThread3" daemon [_thread_blocked, id=175580, stack(0x0000009b3ec00000,0x0000009b3ed00000)]
  0x00000275c9e4d800 JavaThread "C2 CompilerThread2" daemon [_thread_blocked, id=178228, stack(0x0000009b3eb00000,0x0000009b3ec00000)]
  0x00000275c9e4b000 JavaThread "C2 CompilerThread1" daemon [_thread_blocked, id=174720, stack(0x0000009b3ea00000,0x0000009b3eb00000)]
  0x00000275ccb5e800 JavaThread "C2 CompilerThread0" daemon [_thread_blocked, id=130000, stack(0x0000009b3e900000,0x0000009b3ea00000)]
  0x00000275ccb5d800 JavaThread "Attach Listener" daemon [_thread_blocked, id=175916, stack(0x0000009b3e800000,0x0000009b3e900000)]
  0x00000275ccb5b000 JavaThread "Signal Dispatcher" daemon [_thread_blocked, id=175912, stack(0x0000009b3e700000,0x0000009b3e800000)]
  0x00000275ccb41800 JavaThread "Finalizer" daemon [_thread_blocked, id=177312, stack(0x0000009b3e600000,0x0000009b3e700000)]
  0x00000275ccb40800 JavaThread "Reference Handler" daemon [_thread_blocked, id=177292, stack(0x0000009b3e500000,0x0000009b3e600000)]

Other Threads:
  0x00000275c9e24000 VMThread [stack: 0x0000009b3e400000,0x0000009b3e500000] [id=177172]
  0x00000275ccba7000 WatcherThread [stack: 0x0000009b3f600000,0x0000009b3f700000] [id=177752]

VM state:not at safepoint (normal execution)

VM Mutex/Monitor currently owned by a thread: None

heap address: 0x0000000085200000, size: 1966 MB, Compressed Oops mode: 32-bit
Narrow klass base: 0x0000000000000000, Narrow klass shift: 3
Compressed class space size: 1073741824 Address: 0x0000000100000000

Heap:
 PSYoungGen      total 36864K, used 22661K [0x00000000d7100000, 0x00000000d9a00000, 0x0000000100000000)
  eden space 31744K, 71% used [0x00000000d7100000,0x00000000d8721650,0x00000000d9000000)
  from space 5120K, 0% used [0x00000000d9500000,0x00000000d9500000,0x00000000d9a00000)
  to   space 5120K, 0% used [0x00000000d9000000,0x00000000d9000000,0x00000000d9500000)
 ParOldGen       total 84992K, used 0K [0x0000000085200000, 0x000000008a500000, 0x00000000d7100000)
  object space 84992K, 0% used [0x0000000085200000,0x0000000085200000,0x000000008a500000)
 Metaspace       used 13542K, capacity 13770K, committed 13952K, reserved 1060864K
  class space    used 1735K, capacity 1825K, committed 1920K, reserved 1048576K

Card table byte_map: [0x00000275c4b90000,0x00000275c4f70000] byte_map_base: 0x00000275c4767000

Marking Bits: (ParMarkBitMap*) 0x0000000056559030
 Begin Bits: [0x00000275c5200000, 0x00000275c70b8000)
 End Bits:   [0x00000275c70b8000, 0x00000275c8f70000)

Polling page: 0x00000275b3ee0000

CodeCache: size=245760Kb used=4862Kb max_used=4862Kb free=240897Kb
 bounds [0x00000275b57d0000, 0x00000275b5ca0000, 0x00000275c47d0000]
 total_blobs=1421 nmethods=898 adapters=433
 compilation: enabled

Compilation events (10 events):
Event: 24.188 Thread 0x00000275ccb6c000  901       3       java.lang.Character::codePointAtImpl (41 bytes)
Event: 24.189 Thread 0x00000275ccb6f000 nmethod 900 0x00000275b5c8ce50 code [0x00000275b5c8cfe0, 0x00000275b5c8d260]
Event: 24.189 Thread 0x00000275ccb6f000  902       3       java.lang.Character::isHighSurrogate (18 bytes)
Event: 24.189 Thread 0x00000275ccb6c000 nmethod 901 0x00000275b5c8d390 code [0x00000275b5c8d520, 0x00000275b5c8d9b8]
Event: 24.189 Thread 0x00000275ccb6f000 nmethod 902 0x00000275b5c8db90 code [0x00000275b5c8dce0, 0x00000275b5c8deb8]
Event: 24.221 Thread 0x00000275ccb6c000  903       3       javax.swing.plaf.nimbus.NimbusStyle::validate (1178 bytes)
Event: 24.221 Thread 0x00000275ccb77800  904       3       javax.swing.plaf.nimbus.NimbusStyle::getValues (9 bytes)
Event: 24.221 Thread 0x00000275ccb77800 nmethod 904 0x00000275b5c8ea10 code [0x00000275b5c8eb80, 0x00000275b5c8ed30]
Event: 24.226 Thread 0x00000275ccb88800  905       3       javax.swing.plaf.nimbus.NimbusStyle::getExtendedState (247 bytes)
Event: 24.228 Thread 0x00000275ccb88800 nmethod 905 0x00000275b5c8edd0 code [0x00000275b5c8f040, 0x00000275b5c90170]

GC Heap History (0 events):
No events

Deoptimization events (4 events):
Event: 7.827 Thread 0x00000275b3c5c000 Uncommon trap: reason=null_check action=make_not_entrant pc=0x00000275b59946f0 method=java.lang.String.equals(Ljava/lang/Object;)Z @ 8
Event: 8.398 Thread 0x00000275b3c5c000 Uncommon trap: reason=unstable_if action=reinterpret pc=0x00000275b5ad5ab8 method=java.lang.String.hashCode()I @ 14
Event: 12.609 Thread 0x00000275cd432800 Uncommon trap: reason=unstable_if action=reinterpret pc=0x00000275b5bd2c0c method=java.lang.String.indexOf([CII[CIII)I @ 3
Event: 12.746 Thread 0x00000275cd3ad000 Uncommon trap: reason=unstable_if action=reinterpret pc=0x00000275b5be1150 method=java.awt.MultipleGradientPaintContext.indexIntoGradientsArrays(F)I @ 93

Classes redefined (0 events):
No events

Internal exceptions (10 events):
Event: 13.846 Thread 0x00000275cd432800 Exception <a 'java/lang/reflect/InvocationTargetException'> (0x00000000d7eeed60) thrown at [C:\jenkins\workspace\8-2-build-windows-amd64-cygwin\jdk8u321\2141\hotspot\src\share\vm\runtime\reflection.cpp, line 1092]
Event: 13.847 Thread 0x00000275cd432800 Exception <a 'java/lang/reflect/InvocationTargetException'> (0x00000000d7efd1c0) thrown at [C:\jenkins\workspace\8-2-build-windows-amd64-cygwin\jdk8u321\2141\hotspot\src\share\vm\runtime\reflection.cpp, line 1092]
Event: 13.847 Thread 0x00000275cd432800 Exception <a 'java/lang/reflect/InvocationTargetException'> (0x00000000d7f043e8) thrown at [C:\jenkins\workspace\8-2-build-windows-amd64-cygwin\jdk8u321\2141\hotspot\src\share\vm\runtime\reflection.cpp, line 1092]
Event: 13.847 Thread 0x00000275cd432800 Exception <a 'java/lang/reflect/InvocationTargetException'> (0x00000000d7f12890) thrown at [C:\jenkins\workspace\8-2-build-windows-amd64-cygwin\jdk8u321\2141\hotspot\src\share\vm\runtime\reflection.cpp, line 1092]
Event: 13.848 Thread 0x00000275cd432800 Exception <a 'java/lang/reflect/InvocationTargetException'> (0x00000000d7f19ab8) thrown at [C:\jenkins\workspace\8-2-build-windows-amd64-cygwin\jdk8u321\2141\hotspot\src\share\vm\runtime\reflection.cpp, line 1092]
Event: 13.848 Thread 0x00000275cd432800 Exception <a 'java/lang/reflect/InvocationTargetException'> (0x00000000d7f27b78) thrown at [C:\jenkins\workspace\8-2-build-windows-amd64-cygwin\jdk8u321\2141\hotspot\src\share\vm\runtime\reflection.cpp, line 1092]
Event: 13.849 Thread 0x00000275cd432800 Exception <a 'java/lang/reflect/InvocationTargetException'> (0x00000000d7f2e840) thrown at [C:\jenkins\workspace\8-2-build-windows-amd64-cygwin\jdk8u321\2141\hotspot\src\share\vm\runtime\reflection.cpp, line 1092]
Event: 13.849 Thread 0x00000275cd432800 Exception <a 'java/lang/reflect/InvocationTargetException'> (0x00000000d7f3b1a8) thrown at [C:\jenkins\workspace\8-2-build-windows-amd64-cygwin\jdk8u321\2141\hotspot\src\share\vm\runtime\reflection.cpp, line 1092]
Event: 13.850 Thread 0x00000275cd432800 Exception <a 'java/lang/reflect/InvocationTargetException'> (0x00000000d7f43da8) thrown at [C:\jenkins\workspace\8-2-build-windows-amd64-cygwin\jdk8u321\2141\hotspot\src\share\vm\runtime\reflection.cpp, line 1092]
Event: 20.420 Thread 0x00000275cd432800 Exception <a 'java/lang/ClassCastException': com.sun.media.protocol.file.DataSource$RAFPullSourceStream cannot be cast to javax.media.protocol.CachedStream> (0x00000000d82264d0) thrown at [C:\jenkins\workspace\8-2-build-windows-amd64-cygwin\jdk8u321\2141\

Events (10 events):
Event: 24.177 loading class com/sun/media/sound/DirectAudioDeviceProvider$DirectAudioDeviceInfo
Event: 24.177 loading class com/sun/media/sound/DirectAudioDeviceProvider$DirectAudioDeviceInfo done
Event: 24.177 loading class com/sun/media/sound/DirectAudioDevice
Event: 24.177 loading class com/sun/media/sound/DirectAudioDevice done
Event: 24.212 loading class javax/sound/sampled/Control
Event: 24.212 loading class javax/sound/sampled/Control done
Event: 24.212 loading class com/sun/media/sound/DirectAudioDevice$DirectDLI
Event: 24.212 loading class com/sun/media/sound/DirectAudioDevice$DirectDLI done
Event: 24.212 loading class javax/sound/sampled/Clip
Event: 24.213 loading class javax/sound/sampled/Clip done


Dynamic libraries:
0x00007ff60e7e0000 - 0x00007ff60e827000 	C:\Program Files\Java\jdk1.8.0_321\bin\java.exe
0x00007ffd15250000 - 0x00007ffd15464000 	C:\windows\SYSTEM32\ntdll.dll
0x00007ffd13b80000 - 0x00007ffd13c42000 	C:\windows\System32\KERNEL32.DLL
0x00007ffd12650000 - 0x00007ffd129f3000 	C:\windows\System32\KERNELBASE.dll
0x00007ffd13c50000 - 0x00007ffd13cfe000 	C:\windows\System32\ADVAPI32.dll
0x00007ffd139b0000 - 0x00007ffd13a57000 	C:\windows\System32\msvcrt.dll
0x00007ffd14d00000 - 0x00007ffd14da4000 	C:\windows\System32\sechost.dll
0x00007ffd13a60000 - 0x00007ffd13b77000 	C:\windows\System32\RPCRT4.dll
0x00007ffd13800000 - 0x00007ffd139ab000 	C:\windows\System32\USER32.dll
0x00007ffd12f90000 - 0x00007ffd12fb6000 	C:\windows\System32\win32u.dll
0x00007ffd14c80000 - 0x00007ffd14ca9000 	C:\windows\System32\GDI32.dll
0x00007ffd12b70000 - 0x00007ffd12c89000 	C:\windows\System32\gdi32full.dll
0x00007ffd12ef0000 - 0x00007ffd12f8a000 	C:\windows\System32\msvcp_win.dll
0x00007ffd12d50000 - 0x00007ffd12e61000 	C:\windows\System32\ucrtbase.dll
0x00007ffcf2e90000 - 0x00007ffcf311e000 	C:\windows\WinSxS\amd64_microsoft.windows.common-controls_6595b64144ccf1df_6.0.22621.1635_none_270f70857386168e\COMCTL32.dll
0x00007ffd132b0000 - 0x00007ffd132e1000 	C:\windows\System32\IMM32.DLL
0x00007ffd01ee0000 - 0x00007ffd01ef5000 	C:\Program Files\Java\jdk1.8.0_321\jre\bin\vcruntime140.dll
0x00007ffcd8480000 - 0x00007ffcd851b000 	C:\Program Files\Java\jdk1.8.0_321\jre\bin\msvcp140.dll
0x0000000055d70000 - 0x00000000565d1000 	C:\Program Files\Java\jdk1.8.0_321\jre\bin\server\jvm.dll
0x00007ffd13030000 - 0x00007ffd13038000 	C:\windows\System32\PSAPI.DLL
0x00007ffd0ac00000 - 0x00007ffd0ac34000 	C:\windows\SYSTEM32\WINMM.dll
0x00007ffd090c0000 - 0x00007ffd090ca000 	C:\windows\SYSTEM32\VERSION.dll
0x00007ffd02210000 - 0x00007ffd02219000 	C:\windows\SYSTEM32\WSOCK32.dll
0x00007ffd14c00000 - 0x00007ffd14c71000 	C:\windows\System32\WS2_32.dll
0x00007ffd11650000 - 0x00007ffd11668000 	C:\windows\SYSTEM32\kernel.appcore.dll
0x00007ffd01ed0000 - 0x00007ffd01ee0000 	C:\Program Files\Java\jdk1.8.0_321\jre\bin\verify.dll
0x00007ffcf67f0000 - 0x00007ffcf681b000 	C:\Program Files\Java\jdk1.8.0_321\jre\bin\java.dll
0x00007ffcef9a0000 - 0x00007ffcef9b8000 	C:\Program Files\Java\jdk1.8.0_321\jre\bin\zip.dll
0x00007ffd14110000 - 0x00007ffd1490a000 	C:\windows\System32\SHELL32.dll
0x00007ffd10600000 - 0x00007ffd10ece000 	C:\windows\SYSTEM32\windows.storage.dll
0x00007ffd14e80000 - 0x00007ffd15209000 	C:\windows\System32\combase.dll
0x00007ffd104c0000 - 0x00007ffd105fe000 	C:\windows\SYSTEM32\wintypes.dll
0x00007ffd14940000 - 0x00007ffd14a31000 	C:\windows\System32\SHCORE.dll
0x00007ffd13250000 - 0x00007ffd132ae000 	C:\windows\System32\shlwapi.dll
0x00007ffd12580000 - 0x00007ffd125a1000 	C:\windows\SYSTEM32\profapi.dll
0x00007ffcd0e60000 - 0x00007ffcd0ff5000 	C:\Program Files\Java\jdk1.8.0_321\jre\bin\awt.dll
0x00007ffd13170000 - 0x00007ffd13247000 	C:\windows\System32\OLEAUT32.dll
0x00007ffd0f450000 - 0x00007ffd0f4e7000 	C:\windows\SYSTEM32\apphelp.dll
0x00007ffd0f5e0000 - 0x00007ffd0f68b000 	C:\windows\system32\uxtheme.dll
0x00007ffd13040000 - 0x00007ffd13167000 	C:\windows\System32\MSCTF.dll
0x00007ffd14a60000 - 0x00007ffd14bfc000 	C:\windows\System32\ole32.dll
0x00007ffd12e70000 - 0x00007ffd12eeb000 	C:\windows\System32\bcryptPrimitives.dll
0x00007ffd0fa80000 - 0x00007ffd0faab000 	C:\windows\system32\DWMAPI.DLL
0x00007ffcd8200000 - 0x00007ffcd8249000 	C:\Program Files\Java\jdk1.8.0_321\jre\bin\fontmanager.dll
0x00007ffcd4dd0000 - 0x00007ffcd4ed0000 	C:\windows\system32\opengl32.dll
0x00007ffcd8fb0000 - 0x00007ffcd8fdd000 	C:\windows\SYSTEM32\GLU32.dll
0x00007ffd0f820000 - 0x00007ffd0f858000 	C:\windows\SYSTEM32\dxcore.dll
0x00007ffd01bd0000 - 0x00007ffd01bec000 	C:\Program Files\Java\jdk1.8.0_321\jre\bin\net.dll
0x00007ffd11b10000 - 0x00007ffd11b79000 	C:\windows\system32\mswsock.dll
0x00007ffced370000 - 0x00007ffced383000 	C:\Program Files\Java\jdk1.8.0_321\jre\bin\nio.dll
0x00007ffcd7ea0000 - 0x00007ffcd7ee3000 	C:\Program Files\Java\jdk1.8.0_321\jre\bin\t2k.dll
0x00007ffcf66b0000 - 0x00007ffcf67dd000 	C:\windows\SYSTEM32\textinputframework.dll
0x00007ffcd7e70000 - 0x00007ffcd7e9a000 	C:\Program Files\Java\jdk1.8.0_321\jre\bin\dcpr.dll
0x00007ffd091d0000 - 0x00007ffd091dd000 	C:\Program Files\Java\jdk1.8.0_321\jre\bin\jsound.dll
0x00007ffd091c0000 - 0x00007ffd091cd000 	C:\Program Files\Java\jdk1.8.0_321\jre\bin\jsoundds.dll
0x00007ffccc250000 - 0x00007ffccc2f2000 	C:\windows\SYSTEM32\DSOUND.dll
0x00007ffccc190000 - 0x00007ffccc241000 	C:\windows\SYSTEM32\ResampleDmo.DLL
0x00007ffd12520000 - 0x00007ffd1256d000 	C:\windows\SYSTEM32\powrprof.dll
0x00007ffcf43a0000 - 0x00007ffcf43c9000 	C:\windows\SYSTEM32\winmmbase.dll
0x00007ffcf8930000 - 0x00007ffcf893b000 	C:\windows\SYSTEM32\msdmo.dll
0x00007ffd12500000 - 0x00007ffd12513000 	C:\windows\SYSTEM32\UMPDC.dll
0x00007ffd028d0000 - 0x00007ffd0296d000 	C:\windows\SYSTEM32\MMDevAPI.DLL
0x00007ffcc5cd0000 - 0x00007ffcc5d16000 	C:\windows\SYSTEM32\wdmaud.drv
0x00007ffcf3490000 - 0x00007ffcf3499000 	C:\windows\SYSTEM32\ksuser.dll
0x00007ffd0ae70000 - 0x00007ffd0ae7b000 	C:\windows\SYSTEM32\AVRT.dll
0x00007ffd12220000 - 0x00007ffd1224c000 	C:\windows\SYSTEM32\DEVOBJ.dll
0x00007ffd12250000 - 0x00007ffd1229e000 	C:\windows\SYSTEM32\cfgmgr32.dll
0x00007ffcf3b50000 - 0x00007ffcf3d3c000 	C:\windows\SYSTEM32\AUDIOSES.DLL
0x00007ffcf0100000 - 0x00007ffcf010e000 	C:\windows\SYSTEM32\msacm32.drv
0x00007ffcea410000 - 0x00007ffcea42e000 	C:\windows\SYSTEM32\MSACM32.dll
0x00007ffcece80000 - 0x00007ffcece8b000 	C:\windows\SYSTEM32\midimap.dll
0x00007ffd14060000 - 0x00007ffd14110000 	C:\windows\System32\clbcatq.dll
0x00007ffd0ff80000 - 0x00007ffd101ae000 	C:\windows\SYSTEM32\dbghelp.dll

VM Arguments:
jvm_args: -Dfile.encoding=UTF-8 
java_command: Flash
java_class_path (initial): C:\Users\ishit\Downloads\hibernatelib\hibernatelib\antlr-2.7.6.jar;C:\Users\ishit\Downloads\hibernatelib\hibernatelib\asm-attrs.jar;C:\Users\ishit\Downloads\hibernatelib\hibernatelib\asm.jar;C:\Users\ishit\Downloads\hibernatelib\hibernatelib\cglib-2.1.3.jar;C:\Users\ishit\Downloads\hibernatelib\hibernatelib\commons-collections-2.1.1.jar;C:\Users\ishit\Downloads\hibernatelib\hibernatelib\commons-logging-1.1.jar;C:\Users\ishit\Downloads\hibernatelib\hibernatelib\dom4j-1.6.1.jar;C:\Users\ishit\Downloads\hibernatelib\hibernatelib\ehcache-1.2.3.jar;C:\Users\ishit\Downloads\hibernatelib\hibernatelib\ejb3-persistence.jar;C:\Users\ishit\Downloads\hibernatelib\hibernatelib\hibernate-annotations.jar;C:\Users\ishit\Downloads\hibernatelib\hibernatelib\hibernate-commons-annotations.jar;C:\Users\ishit\Downloads\hibernatelib\hibernatelib\hibernate-entitymanager.jar;C:\Users\ishit\Downloads\hibernatelib\hibernatelib\hibernate-tools.jar;C:\Users\ishit\Downloads\hibernatelib\hibernatelib\hibernate3.jar;C:\Users\ishit\Downloads\hibernatelib\hibernatelib\javassist.jar;C:\Users\ishit\Downloads\hibernatelib\hibernatelib\jdbc2_0-stdext.jar;C:\Users\ishit\Downloads\hibernatelib\hibernatelib\jta.jar;C:\Users\ishit\Downloads\mysql-connector-java-5.1.6-bin.jar;C:\Users\ishit\Downloads\jdatepicker-1.3.2.jar;C:\Users\ishit\Downloads\jdatepicker-2.0.3.jar;C:\Users\ishit\Downloads\jmf-2.1.1e.jar;C:\Program Files\NetBeans-14\netbeans\java\modules\ext\AbsoluteLayout.jar;C:\Users\ishit\Downloads\jmf-2.1.1e (1).jar;C:\Users\ishit\Downloads\springlib\aopalliance-1.0.jar;C:\Users\ishit\Downloads\springlib\commons-dbcp-1.4-javadoc.jar;C:\Users\ishit\Downloads\springlib\commons-dbcp-1.4-sources.jar;C:\Users\ishit\Downloads\springlib\commons-dbcp-1.4.jar;C:\Users\ishit\Downloads\springlib\commons-fileupload-1.2.1.jar;C:\Users\ishit\Downloads\springlib\commons-io-1.0.jar;C:\Users\ishit\Downloads\springlib\commons-logging-1.1.1-javadoc.jar;C:\Users\ishit\Downloads\springlib\comm
Launcher Type: SUN_STANDARD

Environment Variables:
JAVA_HOME=C:\Users\ishit\AppData\Local\Programs\Eclipse Adoptium\jdk-17.0.4.101-hotspot\
PATH=C:\Program Files\Common Files\Oracle\Java\javapath;C:\Program Files\Java\jdk-19;C:\windows\system32;C:\windows;C:\windows\System32\Wbem;C:\windows\System32\WindowsPowerShell\v1.0\;C:\windows\System32\OpenSSH\C:\Program Files\Java\jdk-19\bin;C:\Users\ishit\AppData\Local\Programs\Eclipse Adoptium\jdk-17.0.4.101-hotspot\bin;C:\Users\ishit\AppData\Local\Microsoft\WindowsApps;C:\Users\ishit\AppData\Local\Programs\Microsoft VS Code\bin
USERNAME=ishita
OS=Windows_NT
PROCESSOR_IDENTIFIER=Intel64 Family 6 Model 154 Stepping 3, GenuineIntel



---------------  S Y S T E M  ---------------

OS: Windows 11 , 64 bit Build 22621 (10.0.22621.1778)

CPU:total 16 (initial active 16) (8 cores per cpu, 2 threads per core) family 6 model 154 stepping 3, cmov, cx8, fxsr, mmx, sse, sse2, sse3, ssse3, sse4.1, sse4.2, popcnt, avx, avx2, aes, clmul, erms, 3dnowpref, lzcnt, ht, tsc, tscinvbit, bmi1, bmi2, adx

Memory: 4k page, physical 8048836k(322404k free), swap 33214660k(1368k free)

vm_info: Java HotSpot(TM) 64-Bit Server VM (25.321-b07) for windows-amd64 JRE (1.8.0_321-b07), built on Dec 15 2021 11:19:20 by "java_re" with MS VC++ 15.9 (VS2017)

time: Fri Jun 30 16:40:41 2023
timezone: India Standard Time
elapsed time: 24.280567 seconds (0d 0h 0m 24s)

